[ 2015-09-05T05:02:28+08:00 ] ::1 /thinkphp/user.php
INFO: [ app_init ] --START--
INFO: Run Behavior\BuildLiteBehavior [ RunTime:0.000024s ]
INFO: [ app_init ] --END-- [ RunTime:0.044224s ]
INFO: [ app_begin ] --START--
INFO: Run Behavior\ReadHtmlCacheBehavior [ RunTime:0.014755s ]
INFO: [ app_begin ] --END-- [ RunTime:0.014845s ]
INFO: [ view_parse ] --START--
INFO: [ template_filter ] --START--
INFO: Run Behavior\ContentReplaceBehavior [ RunTime:0.009376s ]
INFO: [ template_filter ] --END-- [ RunTime:0.009545s ]
INFO: Run Behavior\ParseTemplateBehavior [ RunTime:0.093485s ]
INFO: [ view_parse ] --END-- [ RunTime:0.093735s ]
INFO: [ view_filter ] --START--
INFO: Run Behavior\WriteHtmlCacheBehavior [ RunTime:0.113106s ]
INFO: [ view_filter ] --END-- [ RunTime:0.113204s ]
INFO: [ app_end ] --START--
INFO: Run Behavior\ShowPageTraceBehavior [ RunTime:0.069295s ]
INFO: [ app_end ] --END-- [ RunTime:0.069392s ]

[ 2015-09-05T11:04:00+08:00 ] ::1 /Thinkphp/user.php
INFO: [ app_init ] --START--
INFO: Run Behavior\BuildLiteBehavior [ RunTime:0.000028s ]
INFO: [ app_init ] --END-- [ RunTime:0.000699s ]
INFO: [ app_begin ] --START--
INFO: Run Behavior\ReadHtmlCacheBehavior [ RunTime:0.001596s ]
INFO: [ app_begin ] --END-- [ RunTime:0.001814s ]
INFO: [ view_parse ] --START--
INFO: Run Behavior\ParseTemplateBehavior [ RunTime:0.001555s ]
INFO: [ view_parse ] --END-- [ RunTime:0.001750s ]
INFO: [ view_filter ] --START--
INFO: Run Behavior\WriteHtmlCacheBehavior [ RunTime:0.000843s ]
INFO: [ view_filter ] --END-- [ RunTime:0.001007s ]
INFO: [ app_end ] --START--
INFO: Run Behavior\ShowPageTraceBehavior [ RunTime:0.001575s ]
INFO: [ app_end ] --END-- [ RunTime:0.001748s ]

