[ 2016-03-04T18:40:47+08:00 ] ::1 /thinkphp/weixin.php?m=Weixin&c=Index&a=index
INFO: [ app_init ] --START--
INFO: Run Behavior\BuildLiteBehavior [ RunTime:0.000024s ]
INFO: [ app_init ] --END-- [ RunTime:0.000652s ]
INFO: [ app_begin ] --START--
INFO: Run Behavior\ReadHtmlCacheBehavior [ RunTime:0.000723s ]
INFO: [ app_begin ] --END-- [ RunTime:0.000812s ]
NOTIC: [8] Undefined index: timestamp D:\Public\WWW\thinkphp\Lib\Library\Com\Wechat.class.php 第 299 行.
NOTIC: [8] Undefined index: nonce D:\Public\WWW\thinkphp\Lib\Library\Com\Wechat.class.php 第 299 行.
NOTIC: [8] Undefined index: signature D:\Public\WWW\thinkphp\Lib\Library\Com\Wechat.class.php 第 300 行.

[ 2016-03-04T18:40:52+08:00 ] ::1 /thinkphp/weixin.php?m=Weixin&c=Index&a=index
INFO: [ app_init ] --START--
INFO: Run Behavior\BuildLiteBehavior [ RunTime:0.000020s ]
INFO: [ app_init ] --END-- [ RunTime:0.000456s ]
INFO: [ app_begin ] --START--
INFO: Run Behavior\ReadHtmlCacheBehavior [ RunTime:0.000504s ]
INFO: [ app_begin ] --END-- [ RunTime:0.000559s ]
NOTIC: [8] Undefined index: timestamp D:\Public\WWW\thinkphp\Lib\Library\Com\Wechat.class.php 第 299 行.
NOTIC: [8] Undefined index: nonce D:\Public\WWW\thinkphp\Lib\Library\Com\Wechat.class.php 第 299 行.
NOTIC: [8] Undefined index: signature D:\Public\WWW\thinkphp\Lib\Library\Com\Wechat.class.php 第 300 行.

[ 2016-03-04T19:37:08+08:00 ] ::1 /thinkphp/weixin.php?m=Weixin&c=Index&a=index
INFO: [ app_init ] --START--
INFO: Run Behavior\BuildLiteBehavior [ RunTime:0.000017s ]
INFO: [ app_init ] --END-- [ RunTime:0.000513s ]
INFO: [ app_begin ] --START--
INFO: Run Behavior\ReadHtmlCacheBehavior [ RunTime:0.000490s ]
INFO: [ app_begin ] --END-- [ RunTime:0.000543s ]
NOTIC: [8] Undefined index: timestamp D:\Public\WWW\thinkphp\Lib\Library\Com\Wechat.class.php 第 299 行.
NOTIC: [8] Undefined index: nonce D:\Public\WWW\thinkphp\Lib\Library\Com\Wechat.class.php 第 299 行.
NOTIC: [8] Undefined index: signature D:\Public\WWW\thinkphp\Lib\Library\Com\Wechat.class.php 第 300 行.

[ 2016-03-04T19:37:10+08:00 ] ::1 /thinkphp/weixin.php?m=Weixin&c=Index&a=index
INFO: [ app_init ] --START--
INFO: Run Behavior\BuildLiteBehavior [ RunTime:0.000013s ]
INFO: [ app_init ] --END-- [ RunTime:0.000302s ]
INFO: [ app_begin ] --START--
INFO: Run Behavior\ReadHtmlCacheBehavior [ RunTime:0.000351s ]
INFO: [ app_begin ] --END-- [ RunTime:0.000396s ]
NOTIC: [8] Undefined index: timestamp D:\Public\WWW\thinkphp\Lib\Library\Com\Wechat.class.php 第 299 行.
NOTIC: [8] Undefined index: nonce D:\Public\WWW\thinkphp\Lib\Library\Com\Wechat.class.php 第 299 行.
NOTIC: [8] Undefined index: signature D:\Public\WWW\thinkphp\Lib\Library\Com\Wechat.class.php 第 300 行.

